**
(main.tex
LaTeX2e <2021-11-15> patch level 1
L3 programming layer <2022-02-24> (report.cls
Document Class: report 2021/10/04 v1.4n Standard LaTeX document class
(size10.clo
File: size10.clo 2021/10/04 v1.4n Standard LaTeX file (size option)
)
\c@part=\count181
\c@chapter=\count182
\c@section=\count183
\c@subsection=\count184
\c@subsubsection=\count185
\c@paragraph=\count186
\c@subparagraph=\count187
\c@figure=\count188
\c@table=\count189
\abovecaptionskip=\skip47
\belowcaptionskip=\skip48
\bibindent=\dimen138
) (fontspec.sty (xparse.sty (expl3.sty
Package: expl3 2022-02-24 L3 programming layer (loader) 
 (l3backend-xetex.def
File: l3backend-xetex.def 2022-02-07 L3 backend support: XeTeX
\c__kernel_sys_dvipdfmx_version_int=\count190
\l__color_backend_stack_int=\count191
\g__color_backend_stack_int=\count192
\g__graphics_track_int=\count193
\l__pdf_internal_box=\box50
\g__pdf_backend_object_int=\count194
\g__pdf_backend_annotation_int=\count195
\g__pdf_backend_link_int=\count196
))
Package: xparse 2022-01-12 L3 Experimental document command parser
)
Package: fontspec 2022/01/15 v2.8a Font selection for XeLaTeX and LuaLaTeX

(fontspec-xetex.sty
Package: fontspec-xetex 2022/01/15 v2.8a Font selection for XeLaTeX and LuaLaTe
X
\l__fontspec_script_int=\count197
\l__fontspec_language_int=\count198
\l__fontspec_strnum_int=\count199
\l__fontspec_tmp_int=\count266
\l__fontspec_tmpa_int=\count267
\l__fontspec_tmpb_int=\count268
\l__fontspec_tmpc_int=\count269
\l__fontspec_em_int=\count270
\l__fontspec_emdef_int=\count271
\l__fontspec_strong_int=\count272
\l__fontspec_strongdef_int=\count273
\l__fontspec_tmpa_dim=\dimen139
\l__fontspec_tmpb_dim=\dimen140
\l__fontspec_tmpc_dim=\dimen141
 (fontenc.sty
Package: fontenc 2021/04/29 v2.0v Standard LaTeX package
) (fontspec.cfg))) (polyglossia.sty
Package: polyglossia 2021/04/12 v1.53 Modern multilingual typesetting with XeLa
TeX and LuaLaTeX

(etoolbox.sty
Package: etoolbox 2020/10/05 v2.5k e-TeX tools for LaTeX (JAW)
\etb@tempcnta=\count274
) (makecmds.sty
Package: makecmds 2009/09/03 v1.0a extra command making commands
) (xkeyval.sty
Package: xkeyval 2020/11/20 v2.8 package option processing (HA)
 (xkeyval (xkvutils
\XKV@toks=\toks16
\XKV@tempa@toks=\toks17
 (keyval))
\XKV@depth=\count275
File: xkeyval.tex 2014/12/03 v2.7a key=value parser (HA)
))
(iftex.sty
Package: iftex 2022/02/03 v1.0f TeX engine tests
) (l3keys2e.sty
Package: l3keys2e 2022-01-12 LaTeX2e option processing using LaTeX3 keys
)

LaTeX hooks Warning: Generic hook 'file/after/tracklang.sty' is deprecated.
(hooks)              Use hook 'file/tracklang.sty/after' instead.


LaTeX hooks Warning: Generic hook 'package/after/bidi' is deprecated.
(hooks)              Use hook 'package/bidi/after' instead.


LaTeX hooks Warning: Generic hook 'package/after/luabidi' is deprecated.
(hooks)              Use hook 'package/luabidi/after' instead.

\xpg@normalclass=\XeTeXcharclass1
(gloss-latex.ldf
File: gloss-latex.ldf polyglossia: module for default language
The property list \polyglossia@langsetup contains the pairs (without outer
braces):
>  {latex/script}  =>  {latin}
>  {latex/lcscript}  =>  {latin}
>  {latex/scripttag}  =>  {}
>  {latex/language}  =>  {Latex}
>  {latex/langtag}  =>  {ENG}
>  {latex/bcp47}  =>  {}
>  {latex/hyphennames}  =>  {english}
>  {latex/direction}  =>  {LR}
>  {latex/hyphenmins}  =>  {2,3}
>  {latex/frenchspacing}  =>  {false}
>  {latex/indentfirst}  =>  {false}
>  {latex/fontsetup}  =>  {true}
>  {latex/envname}  =>  {latex}
>  {latex/babelname}  =>  {latex}
>  {latex/localnumeral}  =>  {polyglossia@C@localnumeral}
>  {latex/Localnumeral}  =>  {polyglossia@C@localnumeral}.
)
Package polyglossia Info: Default language is latex.
) (gloss-english.ldf
File: gloss-english.ldf polyglossia: module for english
The property list \polyglossia@langsetup contains the pairs (without outer
braces):
>  {latex/script}  =>  {latin}
>  {latex/lcscript}  =>  {latin}
>  {latex/scripttag}  =>  {}
>  {latex/language}  =>  {Latex}
>  {latex/langtag}  =>  {ENG}
>  {latex/bcp47}  =>  {}
>  {latex/hyphennames}  =>  {english}
>  {latex/direction}  =>  {LR}
>  {latex/hyphenmins}  =>  {2,3}
>  {latex/frenchspacing}  =>  {false}
>  {latex/indentfirst}  =>  {false}
>  {latex/fontsetup}  =>  {true}
>  {latex/envname}  =>  {latex}
>  {latex/babelname}  =>  {latex}
>  {latex/localnumeral}  =>  {polyglossia@C@localnumeral}
>  {latex/Localnumeral}  =>  {polyglossia@C@localnumeral}
>  {english/script}  =>  {latin}
>  {english/lcscript}  =>  {latin}
>  {english/scripttag}  =>  {}
>  {english/language}  =>  {English}
>  {english/langtag}  =>  {ENG}
>  {english/bcp47}  =>  {en-US}
>  {english/hyphennames}  =>  {english,american,usenglish,USenglish}
>  {english/direction}  =>  {LR}
>  {english/hyphenmins}  =>  {2,3}
>  {english/frenchspacing}  =>  {false}
>  {english/indentfirst}  =>  {false}
>  {english/fontsetup}  =>  {true}
>  {english/envname}  =>  {english}
>  {english/babelname}  =>  {english}
>  {english/localnumeral}  =>  {polyglossia@C@localnumeral}
>  {english/Localnumeral}  =>  {polyglossia@C@localnumeral}.
Package polyglossia Info: Option: English, variant=american.
)
Package polyglossia Info: Default language is english.
 (gloss-bengali.ldf
File: gloss-bengali.ldf polyglossia: module for bengali
 (devanagaridigits.sty
Package: devanagaridigits 2010/04/01 v0.1 Formatting of Devanagari digits
) (bengalidigits.sty
Package: bengalidigits 2015/08/07 v.02Formatting of Bengali digits
)
The property list \polyglossia@langsetup contains the pairs (without outer
braces):
>  {latex/script}  =>  {latin}
>  {latex/lcscript}  =>  {latin}
>  {latex/scripttag}  =>  {}
>  {latex/language}  =>  {Latex}
>  {latex/langtag}  =>  {ENG}
>  {latex/bcp47}  =>  {}
>  {latex/hyphennames}  =>  {english}
>  {latex/direction}  =>  {LR}
>  {latex/hyphenmins}  =>  {2,3}
>  {latex/frenchspacing}  =>  {false}
>  {latex/indentfirst}  =>  {false}
>  {latex/fontsetup}  =>  {true}
>  {latex/envname}  =>  {latex}
>  {latex/babelname}  =>  {latex}
>  {latex/localnumeral}  =>  {polyglossia@C@localnumeral}
>  {latex/Localnumeral}  =>  {polyglossia@C@localnumeral}
>  {english/script}  =>  {latin}
>  {english/lcscript}  =>  {latin}
>  {english/scripttag}  =>  {}
>  {english/language}  =>  {English}
>  {english/langtag}  =>  {ENG}
>  {english/bcp47}  =>  {en-US}
>  {english/hyphennames}  =>  {english,american,usenglish,USenglish}
>  {english/direction}  =>  {LR}
>  {english/hyphenmins}  =>  {2,3}
>  {english/frenchspacing}  =>  {false}
>  {english/indentfirst}  =>  {false}
>  {english/fontsetup}  =>  {true}
>  {english/envname}  =>  {english}
>  {english/babelname}  =>  {american}
>  {english/localnumeral}  =>  {polyglossia@C@localnumeral}
>  {english/Localnumeral}  =>  {polyglossia@C@localnumeral}
>  {bengali/script}  =>  {Bengali}
>  {bengali/lcscript}  =>  {bengali}
>  {bengali/scripttag}  =>  {beng}
>  {bengali/language}  =>  {Bengali}
>  {bengali/langtag}  =>  {BEN}
>  {bengali/bcp47}  =>  {bn}
>  {bengali/hyphennames}  =>  {bengali}
>  {bengali/direction}  =>  {LR}
>  {bengali/hyphenmins}  =>  {2,2}
>  {bengali/frenchspacing}  =>  {false}
>  {bengali/indentfirst}  =>  {false}
>  {bengali/fontsetup}  =>  {true}
>  {bengali/envname}  =>  {bengali}
>  {bengali/babelname}  =>  {bengali}
>  {bengali/localnumeral}  =>  {bengalinumerals}
>  {bengali/Localnumeral}  =>  {bengalinumerals}.
Package polyglossia Info: Option: Bengali, numerals=devanagari.
)

Package fontspec Info: Font family 'TimesNewRoman(0)' created for font 'Times
(fontspec)             New Roman' with options [Ligatures=TeX].
(fontspec)              
(fontspec)              This font family consists of the following NFSS
(fontspec)             series/shapes:
(fontspec)              
(fontspec)             - 'normal' (m/n) with NFSS spec.: <->"Times New
(fontspec)             Roman/OT:script=latn;language=dflt;mapping=tex-text;"
(fontspec)             - 'small caps'  (m/sc) with NFSS spec.: 
(fontspec)             - 'bold' (b/n) with NFSS spec.: <->"Times New
(fontspec)             Roman/B/OT:script=latn;language=dflt;mapping=tex-text;"
(fontspec)             - 'bold small caps'  (b/sc) with NFSS spec.: 
(fontspec)             - 'italic' (m/it) with NFSS spec.: <->"Times New
(fontspec)             Roman/I/OT:script=latn;language=dflt;mapping=tex-text;"
(fontspec)             - 'italic small caps'  (m/scit) with NFSS spec.: 
(fontspec)             - 'bold italic' (b/it) with NFSS spec.: <->"Times New
(fontspec)             Roman/BI/OT:script=latn;language=dflt;mapping=tex-text;"

(fontspec)             - 'bold italic small caps'  (b/scit) with NFSS spec.: 


Package fontspec Info: Could not resolve font "Kohinoor Bangla/I" (it probably
(fontspec)             doesn't exist).


Package fontspec Info: Font family 'KohinoorBangla(0)' created for font
(fontspec)             'Kohinoor Bangla' with options [Script=Bengali].
(fontspec)              
(fontspec)              This font family consists of the following NFSS
(fontspec)             series/shapes:
(fontspec)              
(fontspec)             - 'normal' (m/n) with NFSS spec.: <->"Kohinoor
(fontspec)             Bangla/OT:script=bng2;language=dflt;"
(fontspec)             - 'small caps'  (m/sc) with NFSS spec.: 
(fontspec)             - 'bold' (b/n) with NFSS spec.: <->"Kohinoor
(fontspec)             Bangla/B/OT:script=bng2;language=dflt;"
(fontspec)             - 'bold small caps'  (b/sc) with NFSS spec.: 
(fontspec)             - 'bold italic' (b/it) with NFSS spec.: <->"Kohinoor
(fontspec)             Bangla/BI/OT:script=bng2;language=dflt;"
(fontspec)             - 'bold italic small caps'  (b/scit) with NFSS spec.: 


Package fontspec Info: Could not resolve font "Kohinoor Bangla Bold/BI" (it
(fontspec)             probably doesn't exist).


Package fontspec Info: Could not resolve font "Kohinoor Bangla Bold/B" (it
(fontspec)             probably doesn't exist).


Package fontspec Info: Could not resolve font "Kohinoor Bangla Bold/I" (it
(fontspec)             probably doesn't exist).


Package fontspec Info: Font family 'KohinoorBanglaBold(0)' created for font
(fontspec)             'Kohinoor Bangla Bold' with options [Script=Bengali].
(fontspec)              
(fontspec)              This font family consists of the following NFSS
(fontspec)             series/shapes:
(fontspec)              
(fontspec)             - 'normal' (m/n) with NFSS spec.: <->"Kohinoor Bangla
(fontspec)             Bold/OT:script=bng2;language=dflt;"
(fontspec)             - 'small caps'  (m/sc) with NFSS spec.: 

 (ucharclasses.sty
Package: ucharclasses 2022/03/01 v2.5.0 Unicode block character classes for XeL
aTeX
 (ifxetex.sty
Package: ifxetex 2019/10/25 v0.7 ifxetex legacy package. Use iftex instead.
)
\AegeanNumbersClass=\XeTeXcharclass2
\AlphabeticPresentationFormsClass=\XeTeXcharclass3
\AncientGreekMusicalNotationClass=\XeTeXcharclass4
\AncientGreekNumbersClass=\XeTeXcharclass5
\AncientSymbolsClass=\XeTeXcharclass6
\ArabicClass=\XeTeXcharclass7
\ArabicPresentationFormsAClass=\XeTeXcharclass8
\ArabicPresentationFormsBClass=\XeTeXcharclass9
\ArabicSupplementClass=\XeTeXcharclass10
\ArmenianClass=\XeTeXcharclass11
\ArrowsClass=\XeTeXcharclass12
\BalineseClass=\XeTeXcharclass13
\BasicLatinClass=\XeTeXcharclass14
\BengaliClass=\XeTeXcharclass15
\BlockElementsClass=\XeTeXcharclass16
\BopomofoClass=\XeTeXcharclass17
\BopomofoExtendedClass=\XeTeXcharclass18
\BoxDrawingClass=\XeTeXcharclass19
\BraillePatternsClass=\XeTeXcharclass20
\BugineseClass=\XeTeXcharclass21
\BuhidClass=\XeTeXcharclass22
\ByzantineMusicalSymbolsClass=\XeTeXcharclass23
\ChamClass=\XeTeXcharclass24
\CherokeeClass=\XeTeXcharclass25
\CJKCompatibilityClass=\XeTeXcharclass26
\CJKCompatibilityFormsClass=\XeTeXcharclass27
\CJKCompatibilityIdeographsClass=\XeTeXcharclass28
\CJKCompatibilityIdeographsSupplementClass=\XeTeXcharclass29
\CJKRadicalsSupplementClass=\XeTeXcharclass30
\CJKStrokesClass=\XeTeXcharclass31
\CJKSymbolsAndPunctuationClass=\XeTeXcharclass32
\CJKUnifiedIdeographsClass=\XeTeXcharclass33
\CJKUnifiedIdeographsExtensionAClass=\XeTeXcharclass34
\CJKUnifiedIdeographsExtensionBClass=\XeTeXcharclass35
\CombiningDiacriticalMarksClass=\XeTeXcharclass36
\CombiningDiacriticalMarksForSymbolsClass=\XeTeXcharclass37
\CombiningDiacriticalMarksSupplementClass=\XeTeXcharclass38
\CombiningHalfMarksClass=\XeTeXcharclass39
\ControlPicturesClass=\XeTeXcharclass40
\CopticClass=\XeTeXcharclass41
\CountingRodNumeralsClass=\XeTeXcharclass42
\CuneiformClass=\XeTeXcharclass43
\CuneiformNumbersAndPunctuationClass=\XeTeXcharclass44
\CurrencySymbolsClass=\XeTeXcharclass45
\CypriotSyllabaryClass=\XeTeXcharclass46
\CyrillicClass=\XeTeXcharclass47
\CyrillicExtendedAClass=\XeTeXcharclass48
\CyrillicExtendedBClass=\XeTeXcharclass49
\CyrillicSupplementClass=\XeTeXcharclass50
\DeseretClass=\XeTeXcharclass51
\DevanagariDanDaClass=\XeTeXcharclass52
\DevanagariMarksClass=\XeTeXcharclass53
\DevanagariPostDanDaClass=\XeTeXcharclass54
\DevanagariPostMarksClass=\XeTeXcharclass55
\DevanagariPreMarksClass=\XeTeXcharclass56
\DingbatsClass=\XeTeXcharclass57
\DominoTilesClass=\XeTeXcharclass58
\EnclosedAlphanumericsClass=\XeTeXcharclass59
\EnclosedCJKLettersAndMonthsClass=\XeTeXcharclass60
\EthiopicClass=\XeTeXcharclass61
\EthiopicExtendedClass=\XeTeXcharclass62
\EthiopicSupplementClass=\XeTeXcharclass63
\GeneralPunctuationClass=\XeTeXcharclass64
\GeometricShapesClass=\XeTeXcharclass65
\GeorgianClass=\XeTeXcharclass66
\GeorgianSupplementClass=\XeTeXcharclass67
\GlagoliticClass=\XeTeXcharclass68
\GothicClass=\XeTeXcharclass69
\GreekAndCopticClass=\XeTeXcharclass70
\GreekExtendedClass=\XeTeXcharclass71
\GujaratiClass=\XeTeXcharclass72
\GurmukhiClass=\XeTeXcharclass73
\HalfwidthAndFullwidthFormsClass=\XeTeXcharclass74
\HangulCompatibilityJamoClass=\XeTeXcharclass75
\HangulJamoClass=\XeTeXcharclass76
\HangulSyllablesClass=\XeTeXcharclass77
\HanunooClass=\XeTeXcharclass78
\HebrewClass=\XeTeXcharclass79
\HiraganaClass=\XeTeXcharclass80
\IdeographicDescriptionCharactersClass=\XeTeXcharclass81
\IPAExtensionsClass=\XeTeXcharclass82
\KanbunClass=\XeTeXcharclass83
\KangxiRadicalsClass=\XeTeXcharclass84
\KannadaClass=\XeTeXcharclass85
\KatakanaClass=\XeTeXcharclass86
\KatakanaPhoneticExtensionsClass=\XeTeXcharclass87
\KayahLiClass=\XeTeXcharclass88
\KharoshthiClass=\XeTeXcharclass89
\KhmerClass=\XeTeXcharclass90
\KhmerSymbolsClass=\XeTeXcharclass91
\LaoClass=\XeTeXcharclass92
\LatinExtendedAdditionalClass=\XeTeXcharclass93
\LatinExtendedAClass=\XeTeXcharclass94
\LatinExtendedBClass=\XeTeXcharclass95
\LatinExtendedCClass=\XeTeXcharclass96
\LatinExtendedDClass=\XeTeXcharclass97
\LatinSupplementClass=\XeTeXcharclass98
\LepchaClass=\XeTeXcharclass99
\LetterlikeSymbolsClass=\XeTeXcharclass100
\LimbuClass=\XeTeXcharclass101
\LinearBIdeogramsClass=\XeTeXcharclass102
\LinearBSyllabaryClass=\XeTeXcharclass103
\LycianClass=\XeTeXcharclass104
\LydianClass=\XeTeXcharclass105
\MahjongTilesClass=\XeTeXcharclass106
\MalayalamClass=\XeTeXcharclass107
\MathematicalAlphanumericSymbolsClass=\XeTeXcharclass108
\MathematicalOperatorsClass=\XeTeXcharclass109
\MiscellaneousMathematicalSymbolsAClass=\XeTeXcharclass110
\MiscellaneousMathematicalSymbolsBClass=\XeTeXcharclass111
\MiscellaneousSymbolsClass=\XeTeXcharclass112
\MiscellaneousSymbolsAndArrowsClass=\XeTeXcharclass113
\MiscellaneousTechnicalClass=\XeTeXcharclass114
\ModifierToneLettersClass=\XeTeXcharclass115
\MongolianClass=\XeTeXcharclass116
\MusicalSymbolsClass=\XeTeXcharclass117
\MyanmarClass=\XeTeXcharclass118
\NewTaiLueClass=\XeTeXcharclass119
\NKoClass=\XeTeXcharclass120
\NumberFormsClass=\XeTeXcharclass121
\OghamClass=\XeTeXcharclass122
\OlChikiClass=\XeTeXcharclass123
\OldPersianClass=\XeTeXcharclass124
\OpticalCharacterRecognitionClass=\XeTeXcharclass125
\OriyaClass=\XeTeXcharclass126
\OsmanyaClass=\XeTeXcharclass127
\PhagsPaClass=\XeTeXcharclass128
\PhoenicianClass=\XeTeXcharclass129
\PhoneticExtensionsClass=\XeTeXcharclass130
\PhoneticExtensionsSupplementClass=\XeTeXcharclass131
\PrivateUseAreaClass=\XeTeXcharclass132
\RejangClass=\XeTeXcharclass133
\RunicClass=\XeTeXcharclass134
\SaurashtraClass=\XeTeXcharclass135
\ShavianClass=\XeTeXcharclass136
\SinhalaClass=\XeTeXcharclass137
\SmallFormVariantsClass=\XeTeXcharclass138
\SpacingModifierLettersClass=\XeTeXcharclass139
\SundaneseClass=\XeTeXcharclass140
\SuperscriptsAndSubscriptsClass=\XeTeXcharclass141
\SupplementalArrowsAClass=\XeTeXcharclass142
\SupplementalArrowsBClass=\XeTeXcharclass143
\SupplementalMathematicalOperatorsClass=\XeTeXcharclass144
\SupplementalPunctuationClass=\XeTeXcharclass145
\SylotiNagriClass=\XeTeXcharclass146
\SyriacClass=\XeTeXcharclass147
\TagalogClass=\XeTeXcharclass148
\TagbanwaClass=\XeTeXcharclass149
\TagsClass=\XeTeXcharclass150
\TaiLeClass=\XeTeXcharclass151
\TaiXuanJingSymbolsClass=\XeTeXcharclass152
\TamilClass=\XeTeXcharclass153
\TeluguClass=\XeTeXcharclass154
\ThaanaClass=\XeTeXcharclass155
\ThaiClass=\XeTeXcharclass156
\TibetanClass=\XeTeXcharclass157
\TifinaghClass=\XeTeXcharclass158
\UgariticClass=\XeTeXcharclass159
\UnifiedCanadianAboriginalSyllabicsClass=\XeTeXcharclass160
\VaiClass=\XeTeXcharclass161
\VerticalFormsClass=\XeTeXcharclass162
\YiRadicalsClass=\XeTeXcharclass163
\YiSyllablesClass=\XeTeXcharclass164
\YijingHexagramSymbolsClass=\XeTeXcharclass165
\AvestanClass=\XeTeXcharclass166
\BamumClass=\XeTeXcharclass167
\CJKUnifiedIdeographsExtensionCClass=\XeTeXcharclass168
\CommonIndicNumberFormsClass=\XeTeXcharclass169
\DevanagariExtendedClass=\XeTeXcharclass170
\EgyptianHieroglyphsClass=\XeTeXcharclass171
\EnclosedAlphanumericSupplementClass=\XeTeXcharclass172
\EnclosedIdeographicSupplementClass=\XeTeXcharclass173
\HangulJamoExtendedAClass=\XeTeXcharclass174
\HangulJamoExtendedBClass=\XeTeXcharclass175
\ImperialAramaicClass=\XeTeXcharclass176
\InscriptionalPahlaviClass=\XeTeXcharclass177
\InscriptionalParthianClass=\XeTeXcharclass178
\JavaneseClass=\XeTeXcharclass179
\KaithiClass=\XeTeXcharclass180
\LisuClass=\XeTeXcharclass181
\MeeteiMayekClass=\XeTeXcharclass182
\MyanmarExtendedAClass=\XeTeXcharclass183
\RumiNumeralSymbolsClass=\XeTeXcharclass184
\SamaritanClass=\XeTeXcharclass185
\TaiThamClass=\XeTeXcharclass186
\TaiVietClass=\XeTeXcharclass187
\UnifiedCanadianAboriginalSyllabicsExtendedClass=\XeTeXcharclass188
\VedicExtensionsClass=\XeTeXcharclass189
\AlchemicalSymbolsClass=\XeTeXcharclass190
\BamumSupplementClass=\XeTeXcharclass191
\BatakClass=\XeTeXcharclass192
\BrahmiClass=\XeTeXcharclass193
\CJKUnifiedIdeographsExtensionDClass=\XeTeXcharclass194
\EmoticonsClass=\XeTeXcharclass195
\EthiopicExtendedAClass=\XeTeXcharclass196
\KanaSupplementClass=\XeTeXcharclass197
\MandaicClass=\XeTeXcharclass198
\MiscellaneousSymbolsAndPictographsClass=\XeTeXcharclass199
\PlayingCardsClass=\XeTeXcharclass200
\TransportAndMapSymbolsClass=\XeTeXcharclass201
\ArabicExtendedAClass=\XeTeXcharclass202
\ArabicMathematicalAlphabeticSymbolsClass=\XeTeXcharclass203
\ChakmaClass=\XeTeXcharclass204
\MeeteiMayekExtensionsClass=\XeTeXcharclass205
\MeroiticCursiveClass=\XeTeXcharclass206
\MeroiticHieroglyphsClass=\XeTeXcharclass207
\MiaoClass=\XeTeXcharclass208
\SharadaClass=\XeTeXcharclass209
\SoraSompengClass=\XeTeXcharclass210
\SundaneseSupplementClass=\XeTeXcharclass211
\TakriClass=\XeTeXcharclass212
\BassaVahClass=\XeTeXcharclass213
\CaucasianAlbanianClass=\XeTeXcharclass214
\CombiningDiacriticalMarksExtendedClass=\XeTeXcharclass215
\CopticEpactNumbersClass=\XeTeXcharclass216
\ElbasanClass=\XeTeXcharclass217
\GeometricShapesExtendedClass=\XeTeXcharclass218
\GranthaClass=\XeTeXcharclass219
\KhojkiClass=\XeTeXcharclass220
\KhudawadiClass=\XeTeXcharclass221
\LatinExtendedEClass=\XeTeXcharclass222
\LinearAClass=\XeTeXcharclass223
\MahajaniClass=\XeTeXcharclass224
\MendeKikakuiClass=\XeTeXcharclass225
\ModiClass=\XeTeXcharclass226
\MroClass=\XeTeXcharclass227
\MyanmarExtendedBClass=\XeTeXcharclass228
\OrnamentalDingbatsClass=\XeTeXcharclass229
\PahawhHmongClass=\XeTeXcharclass230
\PauCinHauClass=\XeTeXcharclass231
\SiddhamClass=\XeTeXcharclass232
\SinhalaArchaicNumbersClass=\XeTeXcharclass233
\SupplementalArrowsCClass=\XeTeXcharclass234
\TirhutaClass=\XeTeXcharclass235
\WarangCitiClass=\XeTeXcharclass236
\CherokeeSupplementClass=\XeTeXcharclass237
\CJKUnifiedIdeographsExtensionEClass=\XeTeXcharclass238
\SupplementalSymbolsAndPictographsClass=\XeTeXcharclass239
\CyrillicExtendedCClass=\XeTeXcharclass240
\GlagoliticSupplementClass=\XeTeXcharclass241
\IdeographicSymbolsAndPunctuationClass=\XeTeXcharclass242
\MongolianSupplementClass=\XeTeXcharclass243
\CJKUnifiedIdeographsExtensionFClass=\XeTeXcharclass244
\KanaExtendedAClass=\XeTeXcharclass245
\SyriacSupplementClass=\XeTeXcharclass246
\GeorgianExtendedClass=\XeTeXcharclass247
\SmallKanaExtensionClass=\XeTeXcharclass248
\SymbolsAndPictographsExtendedAClass=\XeTeXcharclass249
\CJKUnifiedIdeographsExtensionGClass=\XeTeXcharclass250
\ArabicExtendedBClass=\XeTeXcharclass251
\EthiopicExtendedBClass=\XeTeXcharclass252
\KanaExtendedBClass=\XeTeXcharclass253
\LatinExtendedFClass=\XeTeXcharclass254
\LatinExtendedGClass=\XeTeXcharclass255
\UnifiedCanadianAboriginalSyllabicsExtendedAClass=\XeTeXcharclass256
\CarianClass=\XeTeXcharclass257
\OldItalicClass=\XeTeXcharclass258
\PhaistosDiscClass=\XeTeXcharclass259
\SupplementaryPrivateUseAreaAClass=\XeTeXcharclass260
\SupplementaryPrivateUseAreaBClass=\XeTeXcharclass261
\OldSouthArabianClass=\XeTeXcharclass262
\OldTurkicClass=\XeTeXcharclass263
\DuployanClass=\XeTeXcharclass264
\ManichaeanClass=\XeTeXcharclass265
\NabataeanClass=\XeTeXcharclass266
\OldNorthArabianClass=\XeTeXcharclass267
\OldPermicClass=\XeTeXcharclass268
\PalmyreneClass=\XeTeXcharclass269
\PsalterPahlaviClass=\XeTeXcharclass270
\ShorthandFormatControlsClass=\XeTeXcharclass271
\AhomClass=\XeTeXcharclass272
\AnatolianHieroglyphsClass=\XeTeXcharclass273
\EarlyDynasticCuneiformClass=\XeTeXcharclass274
\HatranClass=\XeTeXcharclass275
\MultaniClass=\XeTeXcharclass276
\OldHungarianClass=\XeTeXcharclass277
\SuttonSignWritingClass=\XeTeXcharclass278
\AdlamClass=\XeTeXcharclass279
\BhaiksukiClass=\XeTeXcharclass280
\MarchenClass=\XeTeXcharclass281
\NewaClass=\XeTeXcharclass282
\OsageClass=\XeTeXcharclass283
\TangutClass=\XeTeXcharclass284
\TangutComponentsClass=\XeTeXcharclass285
\MasaramGondiClass=\XeTeXcharclass286
\NushuClass=\XeTeXcharclass287
\SoyomboClass=\XeTeXcharclass288
\ZanabazarSquareClass=\XeTeXcharclass289
\ChessSymbolsClass=\XeTeXcharclass290
\DograClass=\XeTeXcharclass291
\GunjalaGondiClass=\XeTeXcharclass292
\HanifiRohingyaClass=\XeTeXcharclass293
\IndicSiyaqNumbersClass=\XeTeXcharclass294
\MakasarClass=\XeTeXcharclass295
\MayanNumeralsClass=\XeTeXcharclass296
\MedefaidrinClass=\XeTeXcharclass297
\OldSogdianClass=\XeTeXcharclass298
\SogdianClass=\XeTeXcharclass299
\EgyptianHieroglyphFormatControlsClass=\XeTeXcharclass300
\ElymaicClass=\XeTeXcharclass301
\NandinagariClass=\XeTeXcharclass302
\NyiakengPuachueHmongClass=\XeTeXcharclass303
\OttomanSiyaqNumbersClass=\XeTeXcharclass304
\TamilSupplementClass=\XeTeXcharclass305
\WanchoClass=\XeTeXcharclass306
\ChorasmianClass=\XeTeXcharclass307
\DivesAkuruClass=\XeTeXcharclass308
\KhitanSmallScriptClass=\XeTeXcharclass309
\LisuSupplementClass=\XeTeXcharclass310
\SymbolsForLegacyComputingClass=\XeTeXcharclass311
\TangutSupplementClass=\XeTeXcharclass312
\YezidiClass=\XeTeXcharclass313
\CyproMinoanClass=\XeTeXcharclass314
\OldUighurClass=\XeTeXcharclass315
\TangsaClass=\XeTeXcharclass316
\TotoClass=\XeTeXcharclass317
\VithkuqiClass=\XeTeXcharclass318
\ZnamennyMusicalNotationClass=\XeTeXcharclass319
) (newunicodechar.sty
Package: newunicodechar 2018/04/08 v1.2 Defining Unicode characters
)
(graphicx.sty
Package: graphicx 2021/09/16 v1.2d Enhanced LaTeX Graphics (DPC,SPQR)
 (graphics.sty
Package: graphics 2021/03/04 v1.4d Standard LaTeX Graphics (DPC,SPQR)
 (trig.sty
Package: trig 2021/08/11 v1.11 sin cos tan (DPC)
) (graphics.cfg
File: graphics.cfg 2016/06/04 v1.11 sample graphics configuration
)
Package graphics Info: Driver file: xetex.def on input line 107.
 (xetex.def
File: xetex.def 2021/03/18 v5.0k Graphics/color driver for xetex
))
\Gin@req@height=\dimen142
\Gin@req@width=\dimen143
) (url.sty
\Urlmuskip=\muskip16
Package: url 2013/09/16  ver 3.4  Verb mode for urls, etc.
)
(ulem.sty
\UL@box=\box51
\UL@hyphenbox=\box52
\UL@skip=\skip49
\UL@hook=\toks18
\UL@height=\dimen144
\UL@pe=\count276
\UL@pixel=\dimen145
\ULC@box=\box53
Package: ulem 2019/11/18
\ULdepth=\dimen146
) (hyperref.sty
Package: hyperref 2022-02-21 v7.00n Hypertext links for LaTeX
 (ltxcmds.sty
Package: ltxcmds 2020-05-10 v1.25 LaTeX kernel commands for general use (HO)
) (pdftexcmds.sty
Package: pdftexcmds 2020-06-27 v0.33 Utility functions of pdfTeX for LuaTeX (HO
)
 (infwarerr.sty
Package: infwarerr 2019/12/03 v1.5 Providing info/warning/error messages (HO)
)
Package pdftexcmds Info: \pdf@primitive is available.
Package pdftexcmds Info: \pdf@ifprimitive is available.
Package pdftexcmds Info: \pdfdraftmode not found.
)
(kvsetkeys.sty
Package: kvsetkeys 2019/12/15 v1.18 Key value parser (HO)
) (kvdefinekeys.sty
Package: kvdefinekeys 2019-12-19 v1.6 Define keys (HO)
) (pdfescape.sty
Package: pdfescape 2019/12/09 v1.15 Implements pdfTeX's escape features (HO)
) (hycolor.sty
Package: hycolor 2020-01-27 v1.10 Color options for hyperref/bookmark (HO)
)
(letltxmacro.sty
Package: letltxmacro 2019/12/03 v1.6 Let assignment for LaTeX macros (HO)
) (auxhook.sty
Package: auxhook 2019-12-17 v1.6 Hooks for auxiliary files (HO)
) (kvoptions.sty
Package: kvoptions 2020-10-07 v3.14 Key value format for package options (HO)
)
\@linkdim=\dimen147
\Hy@linkcounter=\count277
\Hy@pagecounter=\count278
 (pd1enc.def
File: pd1enc.def 2022-02-21 v7.00n Hyperref: PDFDocEncoding definition (HO)
) (intcalc.sty
Package: intcalc 2019/12/15 v1.3 Expandable calculations with integers (HO)
)
(etexcmds.sty
Package: etexcmds 2019/12/15 v1.7 Avoid name clashes with e-TeX commands (HO)
)
\Hy@SavedSpaceFactor=\count279
 (puenc.def
File: puenc.def 2022-02-21 v7.00n Hyperref: PDF Unicode definition (HO)
)
Package hyperref Info: Hyper figures OFF on input line 4137.
Package hyperref Info: Link nesting OFF on input line 4142.
Package hyperref Info: Hyper index ON on input line 4145.
Package hyperref Info: Plain pages OFF on input line 4152.
Package hyperref Info: Backreferencing OFF on input line 4157.
Package hyperref Info: Implicit mode ON; LaTeX internals redefined.
Package hyperref Info: Bookmarks ON on input line 4390.
\c@Hy@tempcnt=\count280
LaTeX Info: Redefining \url on input line 4749.
\XeTeXLinkMargin=\dimen148
 (bitset.sty
Package: bitset 2019/12/09 v1.3 Handle bit-vector datatype (HO)
 (bigintcalc.sty
Package: bigintcalc 2019/12/15 v1.5 Expandable calculations on big integers (HO
)
))
\Fld@menulength=\count281
\Field@Width=\dimen149
\Fld@charsize=\dimen150
Package hyperref Info: Hyper figures OFF on input line 6027.
Package hyperref Info: Link nesting OFF on input line 6032.
Package hyperref Info: Hyper index ON on input line 6035.
Package hyperref Info: backreferencing OFF on input line 6042.
Package hyperref Info: Link coloring OFF on input line 6047.
Package hyperref Info: Link coloring with OCG OFF on input line 6052.
Package hyperref Info: PDF/A mode OFF on input line 6057.
LaTeX Info: Redefining \ref on input line 6097.
LaTeX Info: Redefining \pageref on input line 6101.
 (atbegshi-ltx.sty
Package: atbegshi-ltx 2021/01/10 v1.0c Emulation of the original atbegshi
package with kernel methods
)
\Hy@abspage=\count282
\c@Item=\count283
\c@Hfootnote=\count284
)
Package hyperref Info: Driver (autodetected): hxetex.

(hxetex.def
File: hxetex.def 2022-02-21 v7.00n Hyperref driver for XeTeX
 (stringenc.sty
Package: stringenc 2019/11/29 v1.12 Convert strings between diff. encodings (HO
)
)
\pdfm@box=\box54
\c@Hy@AnnotLevel=\count285
\HyField@AnnotCount=\count286
\Fld@listcount=\count287
\c@bookmark@seq@number=\count288
 (rerunfilecheck.sty
Package: rerunfilecheck 2019/12/05 v1.9 Rerun checks for auxiliary files (HO)
 (atveryend-ltx.sty
Package: atveryend-ltx 2020/08/19 v1.0a Emulation of the original atveryend pac
kage
with kernel methods
)
(uniquecounter.sty
Package: uniquecounter 2019/12/15 v1.4 Provide unlimited unique counter (HO)
)
Package uniquecounter Info: New unique counter `rerunfilecheck' on input line 2
86.
)
\Hy@SectionHShift=\skip50
) (longtable.sty
Package: longtable 2021-09-01 v4.17 Multi-page Table package (DPC)
\LTleft=\skip51
\LTright=\skip52
\LTpre=\skip53
\LTpost=\skip54
\LTchunksize=\count289
\LTcapwidth=\dimen151
\LT@head=\box55
\LT@firsthead=\box56
\LT@foot=\box57
\LT@lastfoot=\box58
\LT@gbox=\box59
\LT@cols=\count290
\LT@rows=\count291
\c@LT@tables=\count292
\c@LT@chunks=\count293
\LT@p@ftn=\toks19
) (array.sty
Package: array 2021/10/04 v2.5f Tabular extension package (FMi)
\col@sep=\dimen152
\ar@mcellbox=\box60
\extrarowheight=\dimen153
\NC@list=\toks20
\extratabsurround=\skip55
\backup@length=\skip56
\ar@cellbox=\box61
) (booktabs.sty
Package: booktabs 2020/01/12 v1.61803398 Publication quality tables
\heavyrulewidth=\dimen154
\lightrulewidth=\dimen155
\cmidrulewidth=\dimen156
\belowrulesep=\dimen157
\belowbottomsep=\dimen158
\aboverulesep=\dimen159
\abovetopsep=\dimen160
\cmidrulesep=\dimen161
\cmidrulekern=\dimen162
\defaultaddspace=\dimen163
\@cmidla=\count294
\@cmidlb=\count295
\@aboverulesep=\dimen164
\@belowrulesep=\dimen165
\@thisruleclass=\count296
\@lastruleclass=\count297
\@thisrulewidth=\dimen166
) (calc.sty
Package: calc 2017/05/25 v4.3 Infix arithmetic (KKT,FJ)
\calc@Acount=\count298
\calc@Bcount=\count299
\calc@Adimen=\dimen167
\calc@Bdimen=\dimen168
\calc@Askip=\skip57
\calc@Bskip=\skip58
LaTeX Info: Redefining \setlength on input line 80.
LaTeX Info: Redefining \addtolength on input line 81.
\calc@Ccount=\count300
\calc@Cskip=\skip59
)
(caption.sty
Package: caption 2022/03/01 v3.6b Customizing captions (AR)
 (caption3.sty
Package: caption3 2022/03/17 v2.3b caption3 kernel (AR)
\caption@tempdima=\dimen169
\captionmargin=\dimen170
\caption@leftmargin=\dimen171
\caption@rightmargin=\dimen172
\caption@width=\dimen173
\caption@indent=\dimen174
\caption@parindent=\dimen175
\caption@hangindent=\dimen176
Package caption Info: Standard document class detected.
)
\c@caption@flags=\count301
\c@continuedfloat=\count302
Package caption Info: hyperref package is loaded.
Package caption Info: longtable package is loaded.
 (ltcaption.sty
Package: ltcaption 2021/01/08 v1.4c longtable captions (AR)
))
\c@none=\count303
 (geometry.sty
Package: geometry 2020/01/02 v5.9 Page Geometry
 (ifvtex.sty
Package: ifvtex 2019/10/25 v1.7 ifvtex legacy package. Use iftex instead.
)
\Gm@cnth=\count304
\Gm@cntv=\count305
\c@Gm@tempcnt=\count306
\Gm@bindingoffset=\dimen177
\Gm@wd@mp=\dimen178
\Gm@odd@mp=\dimen179
\Gm@even@mp=\dimen180
\Gm@layoutwidth=\dimen181
\Gm@layoutheight=\dimen182
\Gm@layouthoffset=\dimen183
\Gm@layoutvoffset=\dimen184
\Gm@dimlist=\toks21
)

LaTeX Warning: Unused global option(s):
    [20pt].

(main.aux
LaTeX Info: Redefining \rmfamily on input line 19.
LaTeX Info: Redefining \sffamily on input line 19.
LaTeX Info: Redefining \ttfamily on input line 19.
)
\openout1 = `main.aux'.

LaTeX Font Info:    Checking defaults for OML/cmm/m/it on input line 75.
LaTeX Font Info:    ... okay on input line 75.
LaTeX Font Info:    Checking defaults for OMS/cmsy/m/n on input line 75.
LaTeX Font Info:    ... okay on input line 75.
LaTeX Font Info:    Checking defaults for OT1/cmr/m/n on input line 75.
LaTeX Font Info:    ... okay on input line 75.
LaTeX Font Info:    Checking defaults for T1/cmr/m/n on input line 75.
LaTeX Font Info:    ... okay on input line 75.
LaTeX Font Info:    Checking defaults for TS1/cmr/m/n on input line 75.
LaTeX Font Info:    Trying to load font information for TS1+cmr on input line 7
5.
 (ts1cmr.fd
File: ts1cmr.fd 2019/12/16 v2.5j Standard LaTeX font definitions
)
LaTeX Font Info:    ... okay on input line 75.
LaTeX Font Info:    Checking defaults for TU/lmr/m/n on input line 75.
LaTeX Font Info:    ... okay on input line 75.
LaTeX Font Info:    Checking defaults for OMX/cmex/m/n on input line 75.
LaTeX Font Info:    ... okay on input line 75.
LaTeX Font Info:    Checking defaults for U/cmr/m/n on input line 75.
LaTeX Font Info:    ... okay on input line 75.
LaTeX Font Info:    Checking defaults for PD1/pdf/m/n on input line 75.
LaTeX Font Info:    ... okay on input line 75.
LaTeX Font Info:    Checking defaults for PU/pdf/m/n on input line 75.
LaTeX Font Info:    ... okay on input line 75.

Package fontspec Info: Adjusting the maths setup (use [no-math] to avoid
(fontspec)             this).

\symlegacymaths=\mathgroup4
LaTeX Font Info:    Overwriting symbol font `legacymaths' in version `bold'
(Font)                  OT1/cmr/m/n --> OT1/cmr/bx/n on input line 75.
LaTeX Font Info:    Redeclaring math accent \acute on input line 75.
LaTeX Font Info:    Redeclaring math accent \grave on input line 75.
LaTeX Font Info:    Redeclaring math accent \ddot on input line 75.
LaTeX Font Info:    Redeclaring math accent \tilde on input line 75.
LaTeX Font Info:    Redeclaring math accent \bar on input line 75.
LaTeX Font Info:    Redeclaring math accent \breve on input line 75.
LaTeX Font Info:    Redeclaring math accent \check on input line 75.
LaTeX Font Info:    Redeclaring math accent \hat on input line 75.
LaTeX Font Info:    Redeclaring math accent \dot on input line 75.
LaTeX Font Info:    Redeclaring math accent \mathring on input line 75.
LaTeX Font Info:    Redeclaring math symbol \colon on input line 75.
LaTeX Font Info:    Redeclaring math symbol \Gamma on input line 75.
LaTeX Font Info:    Redeclaring math symbol \Delta on input line 75.
LaTeX Font Info:    Redeclaring math symbol \Theta on input line 75.
LaTeX Font Info:    Redeclaring math symbol \Lambda on input line 75.
LaTeX Font Info:    Redeclaring math symbol \Xi on input line 75.
LaTeX Font Info:    Redeclaring math symbol \Pi on input line 75.
LaTeX Font Info:    Redeclaring math symbol \Sigma on input line 75.
LaTeX Font Info:    Redeclaring math symbol \Upsilon on input line 75.
LaTeX Font Info:    Redeclaring math symbol \Phi on input line 75.
LaTeX Font Info:    Redeclaring math symbol \Psi on input line 75.
LaTeX Font Info:    Redeclaring math symbol \Omega on input line 75.
LaTeX Font Info:    Redeclaring math symbol \mathdollar on input line 75.
LaTeX Font Info:    Redeclaring symbol font `operators' on input line 75.
LaTeX Font Info:    Encoding `OT1' has changed to `TU' for symbol font
(Font)              `operators' in the math version `normal' on input line 75.
LaTeX Font Info:    Overwriting symbol font `operators' in version `normal'
(Font)                  OT1/cmr/m/n --> TU/TimesNewRoman(0)/m/n on input line 7
5.
LaTeX Font Info:    Encoding `OT1' has changed to `TU' for symbol font
(Font)              `operators' in the math version `bold' on input line 75.
LaTeX Font Info:    Overwriting symbol font `operators' in version `bold'
(Font)                  OT1/cmr/bx/n --> TU/TimesNewRoman(0)/m/n on input line 
75.
LaTeX Font Info:    Overwriting symbol font `operators' in version `normal'
(Font)                  TU/TimesNewRoman(0)/m/n --> TU/TimesNewRoman(0)/m/n on 
input line 75.
LaTeX Font Info:    Overwriting math alphabet `\mathit' in version `normal'
(Font)                  OT1/cmr/m/it --> TU/TimesNewRoman(0)/m/it on input line
 75.
LaTeX Font Info:    Overwriting math alphabet `\mathbf' in version `normal'
(Font)                  OT1/cmr/bx/n --> TU/TimesNewRoman(0)/b/n on input line 
75.
LaTeX Font Info:    Overwriting math alphabet `\mathsf' in version `normal'
(Font)                  OT1/cmss/m/n --> TU/lmss/m/n on input line 75.
LaTeX Font Info:    Overwriting math alphabet `\mathtt' in version `normal'
(Font)                  OT1/cmtt/m/n --> TU/lmtt/m/n on input line 75.
LaTeX Font Info:    Overwriting symbol font `operators' in version `bold'
(Font)                  TU/TimesNewRoman(0)/m/n --> TU/TimesNewRoman(0)/b/n on 
input line 75.
LaTeX Font Info:    Overwriting math alphabet `\mathit' in version `bold'
(Font)                  OT1/cmr/bx/it --> TU/TimesNewRoman(0)/b/it on input lin
e 75.
LaTeX Font Info:    Overwriting math alphabet `\mathsf' in version `bold'
(Font)                  OT1/cmss/bx/n --> TU/lmss/b/n on input line 75.
LaTeX Font Info:    Overwriting math alphabet `\mathtt' in version `bold'
(Font)                  OT1/cmtt/m/n --> TU/lmtt/b/n on input line 75.
Package hyperref Info: Link coloring OFF on input line 75.
 (nameref.sty
Package: nameref 2021-04-02 v2.47 Cross-referencing by name of section
 (refcount.sty
Package: refcount 2019/12/15 v3.6 Data extraction from label references (HO)
) (gettitlestring.sty
Package: gettitlestring 2019/12/15 v1.6 Cleanup title references (HO)
)
\c@section@level=\count307
)
LaTeX Info: Redefining \ref on input line 75.
LaTeX Info: Redefining \pageref on input line 75.
LaTeX Info: Redefining \nameref on input line 75.

(main.out) (main.out)
\@outlinefile=\write3
\openout3 = `main.out'.

Package caption Info: Begin \AtBeginDocument code.
Package caption Info: End \AtBeginDocument code.

*geometry* driver: auto-detecting
*geometry* detected driver: xetex
*geometry* verbose mode - [ preamble ] result:
* driver: xetex
* paper: a4paper
* layout: <same size as paper>
* layoutoffset:(h,v)=(0.0pt,0.0pt)
* modes: 
* h-part:(L,W,R)=(72.26999pt, 452.9679pt, 72.26999pt)
* v-part:(T,H,B)=(72.26999pt, 700.50687pt, 72.26999pt)
* \paperwidth=597.50787pt
* \paperheight=845.04684pt
* \textwidth=452.9679pt
* \textheight=700.50687pt
* \oddsidemargin=0.0pt
* \evensidemargin=0.0pt
* \topmargin=-37.0pt
* \headheight=12.0pt
* \headsep=25.0pt
* \topskip=10.0pt
* \footskip=30.0pt
* \marginparwidth=57.0pt
* \marginparsep=11.0pt
* \columnsep=10.0pt
* \skip\footins=9.0pt plus 4.0pt minus 2.0pt
* \hoffset=0.0pt
* \voffset=0.0pt
* \mag=1000
* \@twocolumnfalse
* \@twosidefalse
* \@mparswitchfalse
* \@reversemarginfalse
* (1in=72.27pt=25.4mm, 1cm=28.453pt)

LaTeX Info: Redefining \rmfamily on input line 75.
LaTeX Info: Redefining \sffamily on input line 75.
LaTeX Info: Redefining \ttfamily on input line 75.
(book.tex
File: media/media/image1.png Graphic file (type bmp)
<media/media/image1.png>
 [1

] [1

]
LaTeX Font Info:    External font `cmex10' loaded for size
(Font)              <7> on input line 109.
LaTeX Font Info:    External font `cmex10' loaded for size
(Font)              <5> on input line 109.
 [2

] [3

] [4

] (main.toc
LaTeX Info: Redefining \rmfamily on input line 1.
LaTeX Info: Redefining \sffamily on input line 1.
LaTeX Info: Redefining \ttfamily on input line 1.
 [5


] [6])
\tf@toc=\write4
\openout4 = `main.toc'.

 [7] [8] [9] [10] [11] [12]
Overfull \hbox (29.62779pt too wide) in paragraph at lines 240--241
[]\TU/TimesNewRoman(0)/m/n/10 (Pérez-López et al., 2025) \TU/KohinoorBangla(0)/
m/n/10 এই গবেষণায় যুদ্ধ\TU/TimesNewRoman(0)/m/n/10 -\TU/KohinoorBangla(0)/m/n/1
0 বিধ্বস্ত ফিলিস্তিনি শিশুদের মধ্যে কার্বাপেনেমাস\TU/TimesNewRoman(0)/m/n/10 -\
TU/KohinoorBangla(0)/m/n/10 প্রডিউসিং এন্টারোব্যাকটেরিয়াসি
 []

[13] [14] [15] [16]
LaTeX Font Info:    External font `cmex10' loaded for size
(Font)              <9> on input line 339.
LaTeX Font Info:    External font `cmex10' loaded for size
(Font)              <6> on input line 339.

Overfull \hbox (152.60788pt too wide) in paragraph at lines 339--340
[][][][][][] [] [][][] [] [][][][][][][][][][][][] [] [][][][][][] [] [][][][][
][][][][][][][][][][][][][][][][][][][][][][][][][][][] [] [][][][][][][][][][]
[][][][][][][][][][][][][][][][][][][][][][][][][][][][][][][][][][][][][][][][
][][][][][][][][][][][][][][][][][][][][][][][][]$[] 
 []

[17]
Overfull \hbox (152.60788pt too wide) in paragraph at lines 428--429
[][][][][][] [] [][][] [] [][][][][][][][][][][][] [] [][][][][][] [] [][][][][
][][][][][][][][][][][][][][][][][][][][][][][][][][][] [] [][][][][][][][][][]
[][][][][][][][][][][][][][][][][][][][][][][][][][][][][][][][][][][][][][][][
][][][][][][][][][][][][][][][][][][][][][][][][]$[] 
 []

[18]
Overfull \hbox (22.3082pt too wide) in paragraph at lines 454--463
[][][][][] [] [][][] [] [][] [] [][][][][][][][][][][][][][][] [] [][][][] [] [
][] [] [][][][][][][][][][][][][][][][][][][][][][][][][][][][][][][][][][][][]
[][][][][][][][][][][][][][][][][][][][][][][][][][][][][][][][][][][][]$[]\TU/
TimesNewRoman(0)/m/n/9 ;
 []


Overfull \hbox (61.51942pt too wide) in paragraph at lines 454--463
\TU/TimesNewRoman(0)/m/n/9 (\TU/KohinoorBangla(0)/m/n/9 অক্টোবর ২০২৩\TU/TimesNe
wRoman(0)/m/n/9 ). []$[][][][][] [] [] [] [][][][][][] [] [][][][][][][][][] []
 [][][] [] [][][][][][][][][][][][][][][][][][][][][][][][][][][][][][][][][][]
[][][][][][][][][][][][][][][][][][][][][][][][][][][][][][][][][][][][][][]$[]
 
 []

[19]
Overfull \hbox (6.24084pt too wide) in paragraph at lines 479--486
[][][][][][][][][][][][][][][][][][][][][][][][][][][][][][][][][][][][][][][][
][][][][][][][][][][][][][][][][][][][][][][][][][][][][][][][][][][][][][][][]
[][][][][][][][][][][][][][][][][][]$[]\TU/TimesNewRoman(0)/m/n/9 ; UN OCHA,
 []


Overfull \hbox (277.29318pt too wide) in paragraph at lines 501--508
\TU/TimesNewRoman(0)/m/n/9 (\TU/KohinoorBangla(0)/m/n/9 নভেম্বর ২০২৩\TU/TimesNe
wRoman(0)/m/n/9 ). []$[][][][][] [] [] [] [][][] [] [][][] [] [][][] [] [][][][
] [] [][][][] [] [][][][][][][][][][][][][][][][][][][][][][][][][][][][][][][]
[][][][][][][][][][][][][][][][][][][][][][][][][][][][][][][][][][][][][][][][
][][][][][][][][][][][][][][][][][][][][][][][][][][][][][][][][][][][][][][][]
[][][][][][][][][][][][][][][]$[];
 []

[20]
Overfull \hbox (3.45143pt too wide) in paragraph at lines 536--540
\TU/KohinoorBangla(0)/m/n/10 শক্তিগুলোর মধ্যে কোন সম্মতি না থাকায়\TU/TimesNewR
oman(0)/m/n/10 , \TU/KohinoorBangla(0)/m/n/10 স্থিতাবস্থা একটি অস্থায়ী কিন্তু 
স্থায়ী সামরিক\TU/TimesNewRoman(0)/m/n/10 -\TU/KohinoorBangla(0)/m/n/10 নিয়ন্ত
্রিত অবস্থায় আটকে
 []

[21] [22] [23]
File: kerem_shalom_blockade.jpg Graphic file (type bmp)
<kerem_shalom_blockade.jpg>


LaTeX Warning: `h' float specifier changed to `ht'.

[24]
File: gaza_bulldozer_farm.jpg Graphic file (type bmp)
<gaza_bulldozer_farm.jpg>


LaTeX Warning: `h' float specifier changed to `ht'.


Overfull \hbox (65.10252pt too wide) in paragraph at lines 725--726
\TU/TimesNewRoman(0)/m/n/9 (\TU/KohinoorBangla(0)/m/n/9 ২০২৪\TU/TimesNewRoman(0
)/m/n/9 ). []$[][][][][] [] [] [] [][][] [] [][][] [] [][][] [] [][][][][][][][
] [] [][][][] [] [][][][][][][] [] [][][][][][][][][][][][][][][][][][][][][][]
[][][][][][][][][][][][][][][][][][][][][][][][][][][][][][][][][][][][][][][][
][][][][][] []
 []

[25]
File: gaza_water_crisis.jpg Graphic file (type bmp)
<gaza_water_crisis.jpg>


LaTeX Warning: `h' float specifier changed to `ht'.


Overfull \hbox (5.83754pt too wide) in paragraph at lines 754--755
[][][][][][][][][][] [] [][][][][][][][][][][][][][][][][][] [] [][][][] [] [][
][][][][][][][][][][][][][][][][][][][][][][][][][][][][][][][][][][][][][][][]
[][][][][][][][][][][][][][][][][][][][][][][][][][][]$[]\TU/TimesNewRoman(0)/m
/n/9 ; UN-
 []

[26]
File: gaza_aid_blockade.png Graphic file (type bmp)
<gaza_aid_blockade.png>


LaTeX Warning: `h' float specifier changed to `ht'.


Overfull \hbox (224.12294pt too wide) in paragraph at lines 784--785
\TU/TimesNewRoman(0)/m/it/9 Gaza Hunger Crisis Deepens \TU/TimesNewRoman(0)/m/n
/9 (\TU/KohinoorBangla(0)/m/n/9 ২০২৪\TU/TimesNewRoman(0)/m/n/9 ). []$[][][][][]
 [] [] [] [][][] [] [][][][][][][][][] [] [][][] [] [][][][] [] [][][][] [] [][
] [] [][] [] [][][][][][][][][][][][][][][][][][][][][][][][][][][][][][][][][]
[][][][][][][][][][][][][][][][][][][][][][][][][][][][][][][][][][][][][][][][
][][][][][][][]$[] 
 []

[27] [28] [29]
Overfull \hbox (2.1615pt too wide) in paragraph at lines 913--918
\TU/KohinoorBangla(0)/m/n/10 জীবনধারণের সক্ষমতাকে পদ্ধতিগতভাবে দুর্বল করার একটি
 সুস্পষ্ট কৌশল নির্দেশ করে। তুলনামূলকভাবে\TU/TimesNewRoman(0)/m/n/10 ,
 []

[30]
File: gaza_child_malnutrition.jpg Graphic file (type bmp)
<gaza_child_malnutrition.jpg>
File: gaza_children_displaced.jpg Graphic file (type bmp)
<gaza_children_displaced.jpg>


LaTeX Warning: `h' float specifier changed to `ht'.


Overfull \hbox (4.7256pt too wide) in paragraph at lines 1015--1016
[][][][] [] [][][] [] [][] [] [][][][][][][][][][][][] [] [][][] [] [][][][] []
 [][] [] [][][][][][][][][] [] [][][] [] [][] [] [][][] [] [][][] [] [][] [] []
[][][] [] [][][]$[]\TU/TimesNewRoman(0)/m/n/9 ; UNRWA/Ashraf Amra, \TU/TimesNew
Roman(0)/m/it/9 Dis-
 []


Overfull \hbox (10.5827pt too wide) in paragraph at lines 1015--1016
[][][] [] [][][][] [] [][][][] [] [][][][][][][][][] [] [][][][][][][][] [] [][
][] [] [][] [] [][][] [] [][][][][][] [] [][] [] [][][][][] [] [][][][][][][][]
[] [] [][][][] [] [][] [] [][][][][][][][] [] [][][][] [][] [][][][][] []
 []

[31]
File: gaza_woman_children.jpg Graphic file (type bmp)
<gaza_woman_children.jpg>
File: gaza_newborn_killed.jpg Graphic file (type bmp)
<gaza_newborn_killed.jpg>


LaTeX Warning: `h' float specifier changed to `ht'.

[32] [33]
File: media/media/image6.jpeg Graphic file (type bmp)
<media/media/image6.jpeg>

Overfull \hbox (16.00774pt too wide) in paragraph at lines 1105--1106
 [][] 
 []

File: media/media/image7.png Graphic file (type bmp)
<media/media/image7.png>

Overfull \hbox (15.45862pt too wide) in paragraph at lines 1107--1108
 [][] 
 []

File: media/media/image8.jpg Graphic file (type bmp)
<media/media/image8.jpg>

Overfull \hbox (30.9548pt too wide) in paragraph at lines 1140--1141
[][]  
 []

File: media/media/image9.jpg Graphic file (type bmp)
<media/media/image9.jpg>

Overfull \hbox (30.9548pt too wide) in paragraph at lines 1142--1143
[][]  
 []

[34] [35] [36] [37] [38] [39]
Overfull \hbox (0.24153pt too wide) in paragraph at lines 1400--1406
[]\TU/KohinoorBangla(0)/m/n/10 একইভাবে\TU/TimesNewRoman(0)/m/n/10 , \TU/Kohinoo
rBangla(0)/m/n/10 জাতিসংঘের মানবাধিকার বিষয়ক হাইকমিশনার ঠড়ষশবৎ ঞহৃৎশ গাজায় চলমা
ন পরিস্থিতিকে আন্তর্জাতিক
 []

[40] [41] [42]
Overfull \hbox (457.20773pt too wide) in paragraph at lines 1562--1563
\TU/TimesNewRoman(0)/m/it/9 in Unlawful Killings in Gaza \TU/TimesNewRoman(0)/m
/n/9 (2024). []$[][][][][] [] [] [] [][][] [] [][][][][][][] [] [][][] [] [][] 
[] [][][][][][] [] [][][][] [] [][][][] [] [][] [] [][][][][][][][][][][][][][]
[][][][][][][][][][][][][][][][][][][][][][][][][][][][][][][][][][][][][][][][
][][][][][][][][][][][][][][][][][][][][][][][][][][][][][][][][][][][][][][][]
[][][][][][][][][][][][][][][][][][][][][][][][][][][][][][][][][][][]$[] 
 []

[43]
Overfull \hbox (52.53503pt too wide) in paragraph at lines 1606--1607
\TU/TimesNewRoman(0)/m/it/9 Must End \TU/TimesNewRoman(0)/m/n/9 (2024). []$[][]
[][][] [] [] [] [][][] [] [][][] [] [][][] [] [][][][] [] [][][][] [] [][] [] [
][] [] [][][][][][][][][][][][][][][][][][][][][][][][][][][][][][][][][][][][]
[][][][][][][][][][][][][][][][][][][][][][][][][]$[] 
 []

[44] [45] [46] [47]
Overfull \hbox (3.58125pt too wide) in paragraph at lines 1783--1791
\TU/KohinoorBangla(0)/m/n/10 আন্তর্জাতিক ন্যায়বিচার আদালত \TU/TimesNewRoman(0)
/m/n/10 (ICJ) \TU/KohinoorBangla(0)/m/n/10 ও আন্তর্জাতিক ফৌজদারি আদালত \TU/Time
sNewRoman(0)/m/n/10 (ICC) \TU/KohinoorBangla(0)/m/n/10 গাজা সংকটে আইনি জবাবদিহি
তার
 []

[48] [49] [50]
Underfull \hbox (badness 10000) in paragraph at lines 1924--1925

 []


Overfull \hbox (57.71208pt too wide) in paragraph at lines 1937--1938
\TU/TimesNewRoman(0)/b/n/10 (n.d.). Retrieved January 22, 2026, from https://en
glish.news.cn/20251017/ada81832c1fa4f1e954498ec2bc1655c/c.html 
 []


Overfull \hbox (23.78722pt too wide) in paragraph at lines 1942--1943
|   []   |   []   |   []   |   []   |   []\TU/TimesNewRoman(0)/b/n/10 , |   [](
5), 70–85. https://doi.org/10.54660/.ijmrge.2025.6.5.70-
 []

[51]
Overfull \hbox (11.87021pt too wide) in paragraph at lines 1956--1957
\TU/TimesNewRoman(0)/b/n/10 Conflict. |   []   |   []   |   []   |   []   |   [
], |   [](4), 815–847. https://doi.org/10.1093/JICJ/MQZ042 
 []


Overfull \hbox (84.46756pt too wide) in paragraph at lines 1982--1983
|   []   |   []   |   []   |   []   |   []   |   []   |   []\TU/TimesNewRoman(0
)/b/n/10 . (n.d.). Retrieved January 22, 2026, from https://www.un.org/unispal/
document/gaza-
 []


Overfull \hbox (113.99258pt too wide) in paragraph at lines 1994--1995
|   []   |   []   |   []   |   []   |   []\TU/TimesNewRoman(0)/b/n/10 . (n.d.).
 https://www.ohchr.org/sites/default/files/documents/hrbodies/hrcouncil/coiopt/
202309-
 []


Overfull \hbox (31.79285pt too wide) in paragraph at lines 1998--1999
\TU/TimesNewRoman(0)/b/n/10 https://www.amnesty.org/en/location/middle-east-and
-north-africa/middle-east/palestine-state-of/report-palestine-
 []

[52]
Overfull \hbox (55.89441pt too wide) in paragraph at lines 2052--2053
\TU/TimesNewRoman(0)/b/n/10 https://www.politybooks.com/bookdetail?book_slug=ma
ss-starvation-the-history-and-future-of-famine--9781509524662 
 []

[53]
Overfull \hbox (81.75089pt too wide) in paragraph at lines 2066--2067
[]|   []   |   []   |   []   |   []   |   []\TU/TimesNewRoman(0)/b/n/10 . (n.d.
). Retrieved January 18, 2026, from https://www.wfp.org/emergencies/palestine-
 []


Overfull \hbox (35.96277pt too wide) in paragraph at lines 2103--2104
[]|   []   |   []   |   []   |   []   |   []\TU/TimesNewRoman(0)/b/n/10 . (n.d.
). Retrieved January 18, 2026, from https://www.emro.who.int/opt/priority-
 []

[54])
The property list \polyglossia@langsetup contains the pairs (without outer
braces):
>  {latex/script}  =>  {latin}
>  {latex/lcscript}  =>  {latin}
>  {latex/scripttag}  =>  {}
>  {latex/language}  =>  {Latex}
>  {latex/langtag}  =>  {ENG}
>  {latex/bcp47}  =>  {}
>  {latex/hyphennames}  =>  {english}
>  {latex/direction}  =>  {LR}
>  {latex/hyphenmins}  =>  {2,3}
>  {latex/frenchspacing}  =>  {false}
>  {latex/indentfirst}  =>  {false}
>  {latex/fontsetup}  =>  {true}
>  {latex/envname}  =>  {latex}
>  {latex/babelname}  =>  {latex}
>  {latex/localnumeral}  =>  {polyglossia@C@localnumeral}
>  {latex/Localnumeral}  =>  {polyglossia@C@localnumeral}
>  {english/script}  =>  {latin}
>  {english/lcscript}  =>  {latin}
>  {english/scripttag}  =>  {}
>  {english/language}  =>  {English}
>  {english/langtag}  =>  {ENG}
>  {english/bcp47}  =>  {en-US}
>  {english/hyphennames}  =>  {english,american,usenglish,USenglish}
>  {english/direction}  =>  {LR}
>  {english/hyphenmins}  =>  {2,3}
>  {english/frenchspacing}  =>  {false}
>  {english/indentfirst}  =>  {false}
>  {english/fontsetup}  =>  {true}
>  {english/envname}  =>  {english}
>  {english/babelname}  =>  {american}
>  {english/localnumeral}  =>  {polyglossia@C@localnumeral}
>  {english/Localnumeral}  =>  {polyglossia@C@localnumeral}
>  {bengali/script}  =>  {Bengali}
>  {bengali/lcscript}  =>  {bengali}
>  {bengali/scripttag}  =>  {beng}
>  {bengali/language}  =>  {Bengali}
>  {bengali/langtag}  =>  {BEN}
>  {bengali/bcp47}  =>  {bn}
>  {bengali/hyphennames}  =>  {bengali}
>  {bengali/direction}  =>  {LR}
>  {bengali/hyphenmins}  =>  {2,2}
>  {bengali/frenchspacing}  =>  {false}
>  {bengali/indentfirst}  =>  {false}
>  {bengali/fontsetup}  =>  {true}
>  {bengali/envname}  =>  {bengali}
>  {bengali/babelname}  =>  {bengali}
>  {bengali/localnumeral}  =>  {bengalinumerals}
>  {bengali/Localnumeral}  =>  {bengalinumerals}.
 [55] (main.aux
LaTeX Info: Redefining \rmfamily on input line 19.
LaTeX Info: Redefining \sffamily on input line 19.
LaTeX Info: Redefining \ttfamily on input line 19.
)
Package rerunfilecheck Info: File `main.out' has not changed.
(rerunfilecheck)             Checksum: 4914FA2664869379BDE84B837CC45A8A;16146.
 )
Output written on main.xdv (56 pages, 1210244 bytes).
